<?xml version="1.0" encoding="UTF-8"?>
<!-- 
  - 此文件中放置一些需要在测试环境中覆盖正式配置的信息.
  - 比如为了在测试环境中让所有的请求处理都放在同一个事务中进行(在正式环境中,记录日志的操作都是另辟事务的),
  - 方便测试结束后清理测试现场,那么就需要在这里定义同名的bean以覆盖正式环境的配置
  -
  -->
<beans xmlns="http://www.springframework.org/schema/beans"
	xmlns:xsi="http://www.w3.org/2001/XMLSchema-instance" xmlns:jee="http://www.springframework.org/schema/jee"
	xmlns:tx="http://www.springframework.org/schema/tx" xmlns:context="http://www.springframework.org/schema/context"
	xmlns:jms="http://www.springframework.org/schema/jms" xmlns:amq="http://activemq.apache.org/schema/core"
	xsi:schemaLocation="http://www.springframework.org/schema/beans http://www.springframework.org/schema/beans/spring-beans-2.5.xsd  
	http://www.springframework.org/schema/tx http://www.springframework.org/schema/tx/spring-tx-2.5.xsd   
	http://www.springframework.org/schema/jee http://www.springframework.org/schema/jee/spring-jee-2.5.xsd   
	http://www.springframework.org/schema/context http://www.springframework.org/schema/context/spring-context-2.5.xsd">

	<bean id="boxDs" class="org.apache.commons.dbcp.BasicDataSource"
		destroy-method="close">
		<property name="driverClassName">
			<value>com.mysql.jdbc.Driver</value>
		</property>
		<property name="url">
			<value>jdbc:mysql://127.0.0.1:3306/caesar?useUnicode=true&amp;characterEncoding=utf-8</value>
		</property>
		<property name="username">
			<value>root</value>
		</property>
		<property name="password">
			<value>123456</value>
		</property>
	</bean>
	
	<bean id="lobHandler" class="org.springframework.jdbc.support.lob.DefaultLobHandler"
			lazy-init="true" />

	<bean id="sqlMapClient" class="org.springframework.orm.ibatis.SqlMapClientFactoryBean">
		<property name="configLocation">
			<value>
				classpath:sqlmap/sqlmap-config.xml
			</value>
		</property>
		<property name="dataSource" ref="boxDs" />
		<property name="lobHandler" ref="lobHandler" />
	</bean>

	<bean id="transactionManager"
		class="org.springframework.jdbc.datasource.DataSourceTransactionManager">
		<property name="dataSource">
			<ref bean="boxDs" />
		</property>
	</bean>

</beans>